<?xml version="1.0" encoding="UTF-8"?>
<testng-results ignored="0" total="1" passed="1" failed="0" skipped="0">
  <reporter-output>
  </reporter-output>
  <suite started-at="2024-01-23T07:22:40 IST" name="Suite" finished-at="2024-01-23T07:22:55 IST" duration-ms="15475">
    <groups>
    </groups>
    <test started-at="2024-01-23T07:22:40 IST" name="Test" finished-at="2024-01-23T07:22:55 IST" duration-ms="15475">
      <class name="com.saucelab.testCases.RegressionTestCases">
        <test-method is-config="true" signature="setup()[pri:0, instance:com.saucelab.testCases.RegressionTestCases@22ef9844]" started-at="2024-01-23T07:22:40 IST" name="setup" finished-at="2024-01-23T07:22:50 IST" duration-ms="9789" status="PASS">
          <reporter-output>
          </reporter-output>
        </test-method> <!-- setup -->
        <test-method signature="testcases()[pri:0, instance:com.saucelab.testCases.RegressionTestCases@22ef9844]" started-at="2024-01-23T07:22:50 IST" name="testcases" finished-at="2024-01-23T07:22:55 IST" duration-ms="4422" status="PASS">
          <reporter-output>
          </reporter-output>
        </test-method> <!-- testcases -->
        <test-method is-config="true" signature="tearDown()[pri:0, instance:com.saucelab.testCases.RegressionTestCases@22ef9844]" started-at="2024-01-23T07:22:55 IST" name="tearDown" finished-at="2024-01-23T07:22:55 IST" duration-ms="381" status="PASS">
          <reporter-output>
          </reporter-output>
        </test-method> <!-- tearDown -->
      </class> <!-- com.saucelab.testCases.RegressionTestCases -->
    </test> <!-- Test -->
  </suite> <!-- Suite -->
</testng-results>
