<?xml version="1.0" encoding="UTF-8"?>
<testng-results skipped="0" failed="0" total="1" passed="1">
  <reporter-output>
  </reporter-output>
  <suite name="Suite" duration-ms="18951" started-at="2024-01-19T05:50:35Z" finished-at="2024-01-19T05:50:54Z">
    <groups>
    </groups>
    <test name="Test" duration-ms="18951" started-at="2024-01-19T05:50:35Z" finished-at="2024-01-19T05:50:54Z">
      <class name="com.saucelab.testCases.RegressionTestCases">
        <test-method status="PASS" signature="setup()[pri:0, instance:com.saucelab.testCases.RegressionTestCases@5cb9f472]" name="setup" is-config="true" duration-ms="11619" started-at="2024-01-19T11:20:36Z" finished-at="2024-01-19T11:20:48Z">
          <reporter-output>
          </reporter-output>
        </test-method> <!-- setup -->
        <test-method status="PASS" signature="testcases()[pri:0, instance:com.saucelab.testCases.RegressionTestCases@5cb9f472]" name="testcases" duration-ms="4996" started-at="2024-01-19T11:20:48Z" finished-at="2024-01-19T11:20:53Z">
          <reporter-output>
          </reporter-output>
        </test-method> <!-- testcases -->
        <test-method status="PASS" signature="tearDown()[pri:0, instance:com.saucelab.testCases.RegressionTestCases@5cb9f472]" name="tearDown" is-config="true" duration-ms="1064" started-at="2024-01-19T11:20:53Z" finished-at="2024-01-19T11:20:54Z">
          <reporter-output>
          </reporter-output>
        </test-method> <!-- tearDown -->
      </class> <!-- com.saucelab.testCases.RegressionTestCases -->
    </test> <!-- Test -->
  </suite> <!-- Suite -->
</testng-results>
